[debug] [2020-09-07T20:48:30.617Z] ----------------------------------------------------------------------
[debug] [2020-09-07T20:48:30.618Z] Command:       /usr/local/Cellar/node/14.3.0/bin/node /usr/local/bin/firebase deploy --only functions
[debug] [2020-09-07T20:48:30.619Z] CLI Version:   8.4.1
[debug] [2020-09-07T20:48:30.619Z] Platform:      darwin
[debug] [2020-09-07T20:48:30.619Z] Node Version:  v14.3.0
[debug] [2020-09-07T20:48:30.620Z] Time:          Mon Sep 07 2020 22:48:30 GMT+0200 (Central European Summer Time)
[debug] [2020-09-07T20:48:30.620Z] ----------------------------------------------------------------------
[debug] [2020-09-07T20:48:30.620Z] 
[debug] [2020-09-07T20:48:30.627Z] > command requires scopes: ["email","openid","https://www.googleapis.com/auth/cloudplatformprojects.readonly","https://www.googleapis.com/auth/firebase","https://www.googleapis.com/auth/cloud-platform"]
[debug] [2020-09-07T20:48:30.628Z] > authorizing via signed-in user
[debug] [2020-09-07T20:48:30.628Z] [iam] checking project rigel-admin for permissions ["cloudfunctions.functions.create","cloudfunctions.functions.delete","cloudfunctions.functions.get","cloudfunctions.functions.list","cloudfunctions.functions.update","cloudfunctions.operations.get","firebase.projects.get"]
[debug] [2020-09-07T20:48:30.630Z] >>> HTTP REQUEST POST https://cloudresourcemanager.googleapis.com/v1/projects/rigel-admin:testIamPermissions  
 {"permissions":["cloudfunctions.functions.create","cloudfunctions.functions.delete","cloudfunctions.functions.get","cloudfunctions.functions.list","cloudfunctions.functions.update","cloudfunctions.operations.get","firebase.projects.get"]}
[debug] [2020-09-07T20:48:31.549Z] <<< HTTP RESPONSE 200 {"content-type":"application/json; charset=UTF-8","vary":"X-Origin, Referer, Origin,Accept-Encoding","date":"Mon, 07 Sep 2020 20:48:31 GMT","server":"ESF","cache-control":"private","x-xss-protection":"0","x-frame-options":"SAMEORIGIN","x-content-type-options":"nosniff","server-timing":"gfet4t7; dur=655","alt-svc":"h3-29=\":443\"; ma=2592000,h3-27=\":443\"; ma=2592000,h3-T051=\":443\"; ma=2592000,h3-T050=\":443\"; ma=2592000,h3-Q050=\":443\"; ma=2592000,h3-Q046=\":443\"; ma=2592000,h3-Q043=\":443\"; ma=2592000,quic=\":443\"; ma=2592000; v=\"46,43\"","accept-ranges":"none","transfer-encoding":"chunked"}
[debug] [2020-09-07T20:48:31.552Z] >>> HTTP REQUEST POST https://iam.googleapis.com/v1/projects/rigel-admin/serviceAccounts/rigel-admin@appspot.gserviceaccount.com:testIamPermissions  
 {"permissions":["iam.serviceAccounts.actAs"]}
[debug] [2020-09-07T20:48:32.361Z] <<< HTTP RESPONSE 200 {"content-type":"application/json; charset=UTF-8","vary":"X-Origin, Referer, Origin,Accept-Encoding","date":"Mon, 07 Sep 2020 20:48:32 GMT","server":"ESF","cache-control":"private","x-xss-protection":"0","x-frame-options":"SAMEORIGIN","x-content-type-options":"nosniff","alt-svc":"h3-29=\":443\"; ma=2592000,h3-27=\":443\"; ma=2592000,h3-T051=\":443\"; ma=2592000,h3-T050=\":443\"; ma=2592000,h3-Q050=\":443\"; ma=2592000,h3-Q046=\":443\"; ma=2592000,h3-Q043=\":443\"; ma=2592000,quic=\":443\"; ma=2592000; v=\"46,43\"","accept-ranges":"none","transfer-encoding":"chunked"}
[warn] ⚠  functions: package.json indicates an outdated version of firebase-functions.
Please upgrade using npm install --save firebase-functions@latest in your functions directory. 
[info] 
[info] === Deploying to 'rigel-admin'...
[info] 
[info] i  deploying functions 
[info] Running command: npm --prefix "$RESOURCE_DIR" run build
[info] ✔  functions: Finished running predeploy script. 
[debug] [2020-09-07T20:48:38.456Z] > [functions] package.json contents: {
  "name": "functions",
  "version": "0.0.1",
  "description": "Functions for firebase project",
  "author": "Green and in TEAM",
  "scripts": {
    "build": "tsc",
    "serve": "tsc -w | firebase emulators:start --only functions",
    "serve:debug": "npm run serve -- --inspect-functions",
    "shell": "npm run build && firebase functions:shell",
    "start": "npm run shell",
    "deploy": "firebase deploy --only functions",
    "logs": "firebase functions:log",
    "lint": "eslint src/**/*.ts --fix",
    "format": "prettier src/**/*.ts --write",
    "test": "npx jest test/**/*.ts"
  },
  "engines": {
    "node": "10"
  },
  "main": "lib/src/index.js",
  "dependencies": {
    "class-transformer": "^0.3.1",
    "class-validator": "^0.12.2",
    "firebase-admin": "^8.12.1",
    "firebase-functions": "^3.6.1",
    "moment": "^2.26.0",
    "reflect-metadata": "^0.1.13"
  },
  "devDependencies": {
    "@types/jest": "^26.0.10",
    "@typescript-eslint/eslint-plugin": "^3.7.1",
    "@typescript-eslint/parser": "^3.7.1",
    "eslint": "6.8.0",
    "eslint-config-prettier": "^6.10.0",
    "eslint-plugin-import": "2.20.1",
    "firebase-functions-test": "^0.2.0",
    "jest": "^26.4.2",
    "prettier": "^2.0.5",
    "ts-jest": "^26.3.0",
    "typescript": "^3.8.0"
  },
  "private": true
}
[info] i  functions: ensuring required API cloudfunctions.googleapis.com is enabled... 
[debug] [2020-09-07T20:48:40.407Z] [functions] runtime dependency check dates: warning: 2020-05-21T00:00:00.000Z error: 2020-07-09T00:00:00.000Z
[info] i  functions: ensuring required API cloudbuild.googleapis.com is enabled... 
[debug] [2020-09-07T20:48:40.408Z] >>> HTTP REQUEST GET https://serviceusage.googleapis.com/v1/projects/rigel-admin/services/cloudfunctions.googleapis.com  
 
[debug] [2020-09-07T20:48:40.408Z] >>> HTTP REQUEST GET https://serviceusage.googleapis.com/v1/projects/rigel-admin/services/runtimeconfig.googleapis.com  
 
[debug] [2020-09-07T20:48:40.408Z] >>> HTTP REQUEST GET https://serviceusage.googleapis.com/v1/projects/rigel-admin/services/cloudbuild.googleapis.com  
 
[debug] [2020-09-07T20:48:41.371Z] <<< HTTP RESPONSE 200 {"content-type":"application/json; charset=UTF-8","vary":"X-Origin, Referer, Origin,Accept-Encoding","date":"Mon, 07 Sep 2020 20:48:41 GMT","server":"ESF","cache-control":"private","x-xss-protection":"0","x-frame-options":"SAMEORIGIN","x-content-type-options":"nosniff","alt-svc":"h3-29=\":443\"; ma=2592000,h3-27=\":443\"; ma=2592000,h3-T051=\":443\"; ma=2592000,h3-T050=\":443\"; ma=2592000,h3-Q050=\":443\"; ma=2592000,h3-Q046=\":443\"; ma=2592000,h3-Q043=\":443\"; ma=2592000,quic=\":443\"; ma=2592000; v=\"46,43\"","accept-ranges":"none","transfer-encoding":"chunked"}
[debug] [2020-09-07T20:48:41.389Z] <<< HTTP RESPONSE 200 {"content-type":"application/json; charset=UTF-8","vary":"X-Origin, Referer, Origin,Accept-Encoding","date":"Mon, 07 Sep 2020 20:48:41 GMT","server":"ESF","cache-control":"private","x-xss-protection":"0","x-frame-options":"SAMEORIGIN","x-content-type-options":"nosniff","alt-svc":"h3-29=\":443\"; ma=2592000,h3-27=\":443\"; ma=2592000,h3-T051=\":443\"; ma=2592000,h3-T050=\":443\"; ma=2592000,h3-Q050=\":443\"; ma=2592000,h3-Q046=\":443\"; ma=2592000,h3-Q043=\":443\"; ma=2592000,quic=\":443\"; ma=2592000; v=\"46,43\"","accept-ranges":"none","transfer-encoding":"chunked"}
[warn] ⚠  functions: missing required API cloudbuild.googleapis.com. Enabling now... 
[debug] [2020-09-07T20:48:41.392Z] >>> HTTP REQUEST POST https://serviceusage.googleapis.com/v1/projects/rigel-admin/services/cloudbuild.googleapis.com:enable  
 
[debug] [2020-09-07T20:48:41.404Z] <<< HTTP RESPONSE 200 {"content-type":"application/json; charset=UTF-8","vary":"X-Origin, Referer, Origin,Accept-Encoding","date":"Mon, 07 Sep 2020 20:48:41 GMT","server":"ESF","cache-control":"private","x-xss-protection":"0","x-frame-options":"SAMEORIGIN","x-content-type-options":"nosniff","alt-svc":"h3-29=\":443\"; ma=2592000,h3-27=\":443\"; ma=2592000,h3-T051=\":443\"; ma=2592000,h3-T050=\":443\"; ma=2592000,h3-Q050=\":443\"; ma=2592000,h3-Q046=\":443\"; ma=2592000,h3-Q043=\":443\"; ma=2592000,quic=\":443\"; ma=2592000; v=\"46,43\"","accept-ranges":"none","transfer-encoding":"chunked"}
[info] ✔  functions: required API cloudfunctions.googleapis.com is enabled 
[debug] [2020-09-07T20:48:43.238Z] <<< HTTP RESPONSE 200 {"content-type":"application/json; charset=UTF-8","vary":"X-Origin, Referer, Origin,Accept-Encoding","date":"Mon, 07 Sep 2020 20:48:43 GMT","server":"ESF","cache-control":"private","x-xss-protection":"0","x-frame-options":"SAMEORIGIN","x-content-type-options":"nosniff","alt-svc":"h3-29=\":443\"; ma=2592000,h3-27=\":443\"; ma=2592000,h3-T051=\":443\"; ma=2592000,h3-T050=\":443\"; ma=2592000,h3-Q050=\":443\"; ma=2592000,h3-Q046=\":443\"; ma=2592000,h3-Q043=\":443\"; ma=2592000,quic=\":443\"; ma=2592000; v=\"46,43\"","accept-ranges":"none","transfer-encoding":"chunked"}
[debug] [2020-09-07T20:48:53.246Z] >>> HTTP REQUEST GET https://serviceusage.googleapis.com/v1/projects/rigel-admin/services/cloudbuild.googleapis.com  
 
[debug] [2020-09-07T20:48:54.310Z] <<< HTTP RESPONSE 200 {"content-type":"application/json; charset=UTF-8","vary":"X-Origin, Referer, Origin,Accept-Encoding","date":"Mon, 07 Sep 2020 20:48:54 GMT","server":"ESF","cache-control":"private","x-xss-protection":"0","x-frame-options":"SAMEORIGIN","x-content-type-options":"nosniff","alt-svc":"h3-29=\":443\"; ma=2592000,h3-27=\":443\"; ma=2592000,h3-T051=\":443\"; ma=2592000,h3-T050=\":443\"; ma=2592000,h3-Q050=\":443\"; ma=2592000,h3-Q046=\":443\"; ma=2592000,h3-Q043=\":443\"; ma=2592000,quic=\":443\"; ma=2592000; v=\"46,43\"","accept-ranges":"none","transfer-encoding":"chunked"}
[info] ✔  functions: required API cloudbuild.googleapis.com is enabled 
[debug] [2020-09-07T20:48:54.312Z] >>> HTTP REQUEST GET https://firebase.googleapis.com/v1beta1/projects/rigel-admin/adminSdkConfig  
 
[debug] [2020-09-07T20:48:54.778Z] <<< HTTP RESPONSE 200 {"content-type":"application/json; charset=UTF-8","vary":"X-Origin, Referer, Origin,Accept-Encoding","date":"Mon, 07 Sep 2020 20:48:54 GMT","server":"ESF","cache-control":"private","x-xss-protection":"0","x-frame-options":"SAMEORIGIN","x-content-type-options":"nosniff","alt-svc":"h3-29=\":443\"; ma=2592000,h3-27=\":443\"; ma=2592000,h3-T051=\":443\"; ma=2592000,h3-T050=\":443\"; ma=2592000,h3-Q050=\":443\"; ma=2592000,h3-Q046=\":443\"; ma=2592000,h3-Q043=\":443\"; ma=2592000,quic=\":443\"; ma=2592000; v=\"46,43\"","accept-ranges":"none","transfer-encoding":"chunked"}
[info] i  functions: preparing functions directory for uploading... 
[debug] [2020-09-07T20:48:54.780Z] >>> HTTP REQUEST GET https://runtimeconfig.googleapis.com/v1beta1/projects/rigel-admin/configs  
 
[debug] [2020-09-07T20:48:55.198Z] <<< HTTP RESPONSE 200 {"content-type":"application/json; charset=UTF-8","vary":"X-Origin, Referer, Origin,Accept-Encoding","date":"Mon, 07 Sep 2020 20:48:55 GMT","server":"ESF","cache-control":"private","x-xss-protection":"0","x-frame-options":"SAMEORIGIN","x-content-type-options":"nosniff","alt-svc":"h3-29=\":443\"; ma=2592000,h3-27=\":443\"; ma=2592000,h3-T051=\":443\"; ma=2592000,h3-T050=\":443\"; ma=2592000,h3-Q050=\":443\"; ma=2592000,h3-Q046=\":443\"; ma=2592000,h3-Q043=\":443\"; ma=2592000,quic=\":443\"; ma=2592000; v=\"46,43\"","accept-ranges":"none","transfer-encoding":"chunked"}
[info] i  functions: packaged functions (157.47 KB) for uploading 
[debug] [2020-09-07T20:48:55.702Z] >>> HTTP REQUEST GET https://cloudfunctions.googleapis.com/v1/projects/rigel-admin/locations/-/functions  
 
[debug] [2020-09-07T20:48:57.242Z] <<< HTTP RESPONSE 200 {"content-type":"application/json; charset=UTF-8","vary":"X-Origin, Referer, Origin,Accept-Encoding","date":"Mon, 07 Sep 2020 20:48:57 GMT","server":"ESF","cache-control":"private","x-xss-protection":"0","x-frame-options":"SAMEORIGIN","x-content-type-options":"nosniff","alt-svc":"h3-29=\":443\"; ma=2592000,h3-27=\":443\"; ma=2592000,h3-T051=\":443\"; ma=2592000,h3-T050=\":443\"; ma=2592000,h3-Q050=\":443\"; ma=2592000,h3-Q046=\":443\"; ma=2592000,h3-Q043=\":443\"; ma=2592000,quic=\":443\"; ma=2592000; v=\"46,43\"","accept-ranges":"none","transfer-encoding":"chunked"}
[debug] [2020-09-07T20:48:57.244Z] >>> HTTP REQUEST POST https://cloudfunctions.googleapis.com/v1/projects/rigel-admin/locations/us-central1/functions:generateUploadUrl  
 
[debug] [2020-09-07T20:48:59.030Z] <<< HTTP RESPONSE 200 {"content-type":"application/json; charset=UTF-8","vary":"X-Origin, Referer, Origin,Accept-Encoding","date":"Mon, 07 Sep 2020 20:48:58 GMT","server":"ESF","cache-control":"private","x-xss-protection":"0","x-frame-options":"SAMEORIGIN","x-content-type-options":"nosniff","alt-svc":"h3-29=\":443\"; ma=2592000,h3-27=\":443\"; ma=2592000,h3-T051=\":443\"; ma=2592000,h3-T050=\":443\"; ma=2592000,h3-Q050=\":443\"; ma=2592000,h3-Q046=\":443\"; ma=2592000,h3-Q043=\":443\"; ma=2592000,quic=\":443\"; ma=2592000; v=\"46,43\"","accept-ranges":"none","transfer-encoding":"chunked"}
[debug] [2020-09-07T20:48:59.032Z] >>> HTTP REQUEST PUT https://storage.googleapis.com/gcf-upload-us-central1-01037748-512a-43bc-b6d7-bbc0dc8e7bae/9cd3f10e-0a6d-4f0f-b6e8-d5f8577763df.zip?GoogleAccessId=service-457735200635@gcf-admin-robot.iam.gserviceaccount.com&Expires=1599513538&Signature=aCcqzexoRkHvxU4FotoUdA1TaFvQ1lIGK47gP6OcQe7YZJZUNnQAkUZtHAZuhtj2PJ%2FxZcMzJoiLs95Jg2UjgsyQO%2BVNjzWwNy15hY9FafnPJJY%2F5JNjBvYVNDoD8MPRSUE7TOdsS%2F4f0Us6SyDKA5KPSd1jbjNzKgVUVunoNJonU9xKSo2X7vnK1b%2FZIOzCOJsby0Oaed2VlBSRqMYw5Z2p5j3g%2FkNUIvpjg8BJdQmmBTJX0g1%2FS%2F2vvDtbn9AeSz7myANUmBIzB1cs4EFHJ3j1DpWWp4z%2FYblxownp%2BIHx4Xf94T7%2BsyJbso1jN74NJjS%2FcDX0BsbeMXqQH8JC0w%3D%3D  
 <request body omitted>
[debug] [2020-09-07T20:49:00.111Z] <<< HTTP RESPONSE 200 {"x-guploader-uploadid":"ABg5-UzyhirA1etxcJc89ZqB8VlUSml4g9WnPJ0KAlHhYioOK7csvOeRg9lneIBmMBWmw4zfgnsMDRd6Tkl_8gCqkRM","etag":"\"cee6219c96332fcd5b9fdeeaf8471c90\"","x-goog-generation":"1599511739950469","x-goog-metageneration":"1","x-goog-hash":"crc32c=qO8KoA==, md5=zuYhnJYzL81bn97q+EcckA==","x-goog-stored-content-length":"161252","x-goog-stored-content-encoding":"identity","vary":"Origin","content-length":"0","date":"Mon, 07 Sep 2020 20:49:00 GMT","server":"UploadServer","content-type":"text/html; charset=UTF-8","alt-svc":"h3-29=\":443\"; ma=2592000,h3-27=\":443\"; ma=2592000,h3-T051=\":443\"; ma=2592000,h3-T050=\":443\"; ma=2592000,h3-Q050=\":443\"; ma=2592000,h3-Q046=\":443\"; ma=2592000,h3-Q043=\":443\"; ma=2592000,quic=\":443\"; ma=2592000; v=\"46,43\""}
[info] ✔  functions: functions folder uploaded successfully 
[info] i  functions: updating Node.js 10 function getAvaliableTimeIntervals(europe-west1)... 
[debug] [2020-09-07T20:49:00.113Z] Trigger is:  {"httpsTrigger":{}}
[info] i  functions: updating Node.js 10 function bookAppointment(europe-west1)... 
[debug] [2020-09-07T20:49:00.113Z] Trigger is:  {"httpsTrigger":{}}
[info] i  functions: updating Node.js 10 function getAvaliableDaysInMonth(europe-west1)... 
[debug] [2020-09-07T20:49:00.114Z] Trigger is:  {"httpsTrigger":{}}
[info] i  functions: updating Node.js 10 function setAgendaScheduleSettings(europe-west1)... 
[debug] [2020-09-07T20:49:00.114Z] Trigger is:  {"httpsTrigger":{}}
[debug] [2020-09-07T20:49:00.115Z] >>> HTTP REQUEST GET https://serviceusage.googleapis.com/v1/projects/rigel-admin/services/cloudscheduler.googleapis.com  
 
[debug] [2020-09-07T20:49:01.035Z] <<< HTTP RESPONSE 200 {"content-type":"application/json; charset=UTF-8","vary":"X-Origin, Referer, Origin,Accept-Encoding","date":"Mon, 07 Sep 2020 20:49:00 GMT","server":"ESF","cache-control":"private","x-xss-protection":"0","x-frame-options":"SAMEORIGIN","x-content-type-options":"nosniff","alt-svc":"h3-29=\":443\"; ma=2592000,h3-27=\":443\"; ma=2592000,h3-T051=\":443\"; ma=2592000,h3-T050=\":443\"; ma=2592000,h3-Q050=\":443\"; ma=2592000,h3-Q046=\":443\"; ma=2592000,h3-Q043=\":443\"; ma=2592000,quic=\":443\"; ma=2592000; v=\"46,43\"","accept-ranges":"none","transfer-encoding":"chunked"}
[debug] [2020-09-07T20:49:01.036Z] >>> HTTP REQUEST PATCH https://cloudfunctions.googleapis.com/v1/projects/rigel-admin/locations/europe-west1/functions/getAvaliableTimeIntervals {"updateMask":"sourceUploadUrl,name,labels,runtime,environmentVariables,httpsTrigger"} 
 {"sourceUploadUrl":"https://storage.googleapis.com/gcf-upload-us-central1-01037748-512a-43bc-b6d7-bbc0dc8e7bae/9cd3f10e-0a6d-4f0f-b6e8-d5f8577763df.zip?GoogleAccessId=service-457735200635@gcf-admin-robot.iam.gserviceaccount.com&Expires=1599513538&Signature=aCcqzexoRkHvxU4FotoUdA1TaFvQ1lIGK47gP6OcQe7YZJZUNnQAkUZtHAZuhtj2PJ%2FxZcMzJoiLs95Jg2UjgsyQO%2BVNjzWwNy15hY9FafnPJJY%2F5JNjBvYVNDoD8MPRSUE7TOdsS%2F4f0Us6SyDKA5KPSd1jbjNzKgVUVunoNJonU9xKSo2X7vnK1b%2FZIOzCOJsby0Oaed2VlBSRqMYw5Z2p5j3g%2FkNUIvpjg8BJdQmmBTJX0g1%2FS%2F2vvDtbn9AeSz7myANUmBIzB1cs4EFHJ3j1DpWWp4z%2FYblxownp%2BIHx4Xf94T7%2BsyJbso1jN74NJjS%2FcDX0BsbeMXqQH8JC0w%3D%3D","name":"projects/rigel-admin/locations/europe-west1/functions/getAvaliableTimeIntervals","labels":{"deployment-tool":"cli-firebase","deployment-callable":"true"},"httpsTrigger":{},"runtime":"nodejs10","environmentVariables":{"FIREBASE_CONFIG":"{\"projectId\":\"rigel-admin\",\"databaseURL\":\"https://rigel-admin.firebaseio.com\",\"storageBucket\":\"rigel-admin.appspot.com\",\"locationId\":\"europe-west\"}"}}
[debug] [2020-09-07T20:49:01.037Z] >>> HTTP REQUEST PATCH https://cloudfunctions.googleapis.com/v1/projects/rigel-admin/locations/europe-west1/functions/bookAppointment {"updateMask":"sourceUploadUrl,name,labels,runtime,environmentVariables,httpsTrigger"} 
 {"sourceUploadUrl":"https://storage.googleapis.com/gcf-upload-us-central1-01037748-512a-43bc-b6d7-bbc0dc8e7bae/9cd3f10e-0a6d-4f0f-b6e8-d5f8577763df.zip?GoogleAccessId=service-457735200635@gcf-admin-robot.iam.gserviceaccount.com&Expires=1599513538&Signature=aCcqzexoRkHvxU4FotoUdA1TaFvQ1lIGK47gP6OcQe7YZJZUNnQAkUZtHAZuhtj2PJ%2FxZcMzJoiLs95Jg2UjgsyQO%2BVNjzWwNy15hY9FafnPJJY%2F5JNjBvYVNDoD8MPRSUE7TOdsS%2F4f0Us6SyDKA5KPSd1jbjNzKgVUVunoNJonU9xKSo2X7vnK1b%2FZIOzCOJsby0Oaed2VlBSRqMYw5Z2p5j3g%2FkNUIvpjg8BJdQmmBTJX0g1%2FS%2F2vvDtbn9AeSz7myANUmBIzB1cs4EFHJ3j1DpWWp4z%2FYblxownp%2BIHx4Xf94T7%2BsyJbso1jN74NJjS%2FcDX0BsbeMXqQH8JC0w%3D%3D","name":"projects/rigel-admin/locations/europe-west1/functions/bookAppointment","labels":{"deployment-tool":"cli-firebase","deployment-callable":"true"},"httpsTrigger":{},"runtime":"nodejs10","environmentVariables":{"FIREBASE_CONFIG":"{\"projectId\":\"rigel-admin\",\"databaseURL\":\"https://rigel-admin.firebaseio.com\",\"storageBucket\":\"rigel-admin.appspot.com\",\"locationId\":\"europe-west\"}"}}
[debug] [2020-09-07T20:49:01.038Z] >>> HTTP REQUEST PATCH https://cloudfunctions.googleapis.com/v1/projects/rigel-admin/locations/europe-west1/functions/getAvaliableDaysInMonth {"updateMask":"sourceUploadUrl,name,labels,runtime,environmentVariables,httpsTrigger"} 
 {"sourceUploadUrl":"https://storage.googleapis.com/gcf-upload-us-central1-01037748-512a-43bc-b6d7-bbc0dc8e7bae/9cd3f10e-0a6d-4f0f-b6e8-d5f8577763df.zip?GoogleAccessId=service-457735200635@gcf-admin-robot.iam.gserviceaccount.com&Expires=1599513538&Signature=aCcqzexoRkHvxU4FotoUdA1TaFvQ1lIGK47gP6OcQe7YZJZUNnQAkUZtHAZuhtj2PJ%2FxZcMzJoiLs95Jg2UjgsyQO%2BVNjzWwNy15hY9FafnPJJY%2F5JNjBvYVNDoD8MPRSUE7TOdsS%2F4f0Us6SyDKA5KPSd1jbjNzKgVUVunoNJonU9xKSo2X7vnK1b%2FZIOzCOJsby0Oaed2VlBSRqMYw5Z2p5j3g%2FkNUIvpjg8BJdQmmBTJX0g1%2FS%2F2vvDtbn9AeSz7myANUmBIzB1cs4EFHJ3j1DpWWp4z%2FYblxownp%2BIHx4Xf94T7%2BsyJbso1jN74NJjS%2FcDX0BsbeMXqQH8JC0w%3D%3D","name":"projects/rigel-admin/locations/europe-west1/functions/getAvaliableDaysInMonth","labels":{"deployment-tool":"cli-firebase","deployment-callable":"true"},"httpsTrigger":{},"runtime":"nodejs10","environmentVariables":{"FIREBASE_CONFIG":"{\"projectId\":\"rigel-admin\",\"databaseURL\":\"https://rigel-admin.firebaseio.com\",\"storageBucket\":\"rigel-admin.appspot.com\",\"locationId\":\"europe-west\"}"}}
[debug] [2020-09-07T20:49:01.038Z] >>> HTTP REQUEST PATCH https://cloudfunctions.googleapis.com/v1/projects/rigel-admin/locations/europe-west1/functions/setAgendaScheduleSettings {"updateMask":"sourceUploadUrl,name,labels,runtime,environmentVariables,httpsTrigger"} 
 {"sourceUploadUrl":"https://storage.googleapis.com/gcf-upload-us-central1-01037748-512a-43bc-b6d7-bbc0dc8e7bae/9cd3f10e-0a6d-4f0f-b6e8-d5f8577763df.zip?GoogleAccessId=service-457735200635@gcf-admin-robot.iam.gserviceaccount.com&Expires=1599513538&Signature=aCcqzexoRkHvxU4FotoUdA1TaFvQ1lIGK47gP6OcQe7YZJZUNnQAkUZtHAZuhtj2PJ%2FxZcMzJoiLs95Jg2UjgsyQO%2BVNjzWwNy15hY9FafnPJJY%2F5JNjBvYVNDoD8MPRSUE7TOdsS%2F4f0Us6SyDKA5KPSd1jbjNzKgVUVunoNJonU9xKSo2X7vnK1b%2FZIOzCOJsby0Oaed2VlBSRqMYw5Z2p5j3g%2FkNUIvpjg8BJdQmmBTJX0g1%2FS%2F2vvDtbn9AeSz7myANUmBIzB1cs4EFHJ3j1DpWWp4z%2FYblxownp%2BIHx4Xf94T7%2BsyJbso1jN74NJjS%2FcDX0BsbeMXqQH8JC0w%3D%3D","name":"projects/rigel-admin/locations/europe-west1/functions/setAgendaScheduleSettings","labels":{"deployment-tool":"cli-firebase","deployment-callable":"true"},"httpsTrigger":{},"runtime":"nodejs10","environmentVariables":{"FIREBASE_CONFIG":"{\"projectId\":\"rigel-admin\",\"databaseURL\":\"https://rigel-admin.firebaseio.com\",\"storageBucket\":\"rigel-admin.appspot.com\",\"locationId\":\"europe-west\"}"}}
[debug] [2020-09-07T20:49:02.059Z] <<< HTTP RESPONSE 200 {"content-type":"application/json; charset=UTF-8","vary":"X-Origin, Referer, Origin,Accept-Encoding","date":"Mon, 07 Sep 2020 20:49:01 GMT","server":"ESF","cache-control":"private","x-xss-protection":"0","x-frame-options":"SAMEORIGIN","x-content-type-options":"nosniff","alt-svc":"h3-29=\":443\"; ma=2592000,h3-27=\":443\"; ma=2592000,h3-T051=\":443\"; ma=2592000,h3-T050=\":443\"; ma=2592000,h3-Q050=\":443\"; ma=2592000,h3-Q046=\":443\"; ma=2592000,h3-Q043=\":443\"; ma=2592000,quic=\":443\"; ma=2592000; v=\"46,43\"","accept-ranges":"none","transfer-encoding":"chunked"}
[debug] [2020-09-07T20:49:02.061Z] <<< HTTP RESPONSE 200 {"content-type":"application/json; charset=UTF-8","vary":"X-Origin, Referer, Origin,Accept-Encoding","date":"Mon, 07 Sep 2020 20:49:01 GMT","server":"ESF","cache-control":"private","x-xss-protection":"0","x-frame-options":"SAMEORIGIN","x-content-type-options":"nosniff","alt-svc":"h3-29=\":443\"; ma=2592000,h3-27=\":443\"; ma=2592000,h3-T051=\":443\"; ma=2592000,h3-T050=\":443\"; ma=2592000,h3-Q050=\":443\"; ma=2592000,h3-Q046=\":443\"; ma=2592000,h3-Q043=\":443\"; ma=2592000,quic=\":443\"; ma=2592000; v=\"46,43\"","accept-ranges":"none","transfer-encoding":"chunked"}
[debug] [2020-09-07T20:49:02.061Z] <<< HTTP RESPONSE 200 {"content-type":"application/json; charset=UTF-8","vary":"X-Origin, Referer, Origin,Accept-Encoding","date":"Mon, 07 Sep 2020 20:49:01 GMT","server":"ESF","cache-control":"private","x-xss-protection":"0","x-frame-options":"SAMEORIGIN","x-content-type-options":"nosniff","alt-svc":"h3-29=\":443\"; ma=2592000,h3-27=\":443\"; ma=2592000,h3-T051=\":443\"; ma=2592000,h3-T050=\":443\"; ma=2592000,h3-Q050=\":443\"; ma=2592000,h3-Q046=\":443\"; ma=2592000,h3-Q043=\":443\"; ma=2592000,quic=\":443\"; ma=2592000; v=\"46,43\"","accept-ranges":"none","transfer-encoding":"chunked"}
[debug] [2020-09-07T20:49:02.499Z] <<< HTTP RESPONSE 200 {"content-type":"application/json; charset=UTF-8","vary":"X-Origin, Referer, Origin,Accept-Encoding","date":"Mon, 07 Sep 2020 20:49:02 GMT","server":"ESF","cache-control":"private","x-xss-protection":"0","x-frame-options":"SAMEORIGIN","x-content-type-options":"nosniff","alt-svc":"h3-29=\":443\"; ma=2592000,h3-27=\":443\"; ma=2592000,h3-T051=\":443\"; ma=2592000,h3-T050=\":443\"; ma=2592000,h3-Q050=\":443\"; ma=2592000,h3-Q046=\":443\"; ma=2592000,h3-Q043=\":443\"; ma=2592000,quic=\":443\"; ma=2592000; v=\"46,43\"","accept-ranges":"none","transfer-encoding":"chunked"}
[debug] [2020-09-07T20:49:02.501Z] >>> HTTP REQUEST GET https://cloudfunctions.googleapis.com/v1/projects/rigel-admin/locations/-/functions  
 
[debug] [2020-09-07T20:49:04.112Z] <<< HTTP RESPONSE 200 {"content-type":"application/json; charset=UTF-8","vary":"X-Origin, Referer, Origin,Accept-Encoding","date":"Mon, 07 Sep 2020 20:49:04 GMT","server":"ESF","cache-control":"private","x-xss-protection":"0","x-frame-options":"SAMEORIGIN","x-content-type-options":"nosniff","alt-svc":"h3-29=\":443\"; ma=2592000,h3-27=\":443\"; ma=2592000,h3-T051=\":443\"; ma=2592000,h3-T050=\":443\"; ma=2592000,h3-Q050=\":443\"; ma=2592000,h3-Q046=\":443\"; ma=2592000,h3-Q043=\":443\"; ma=2592000,quic=\":443\"; ma=2592000; v=\"46,43\"","accept-ranges":"none","transfer-encoding":"chunked"}
[debug] [2020-09-07T20:49:04.113Z] >>> HTTP REQUEST GET https://cloudfunctions.googleapis.com/v1/operations/cmlnZWwtYWRtaW4vZXVyb3BlLXdlc3QxL2dldEF2YWxpYWJsZVRpbWVJbnRlcnZhbHMvWmdJQkZkVXgyWVU  
 
[debug] [2020-09-07T20:49:04.114Z] >>> HTTP REQUEST GET https://cloudfunctions.googleapis.com/v1/operations/cmlnZWwtYWRtaW4vZXVyb3BlLXdlc3QxL2Jvb2tBcHBvaW50bWVudC82Z3NoeFE2OW9zdw  
 
[debug] [2020-09-07T20:49:04.114Z] >>> HTTP REQUEST GET https://cloudfunctions.googleapis.com/v1/operations/cmlnZWwtYWRtaW4vZXVyb3BlLXdlc3QxL2dldEF2YWxpYWJsZURheXNJbk1vbnRoL1BST3Q1TUdCVERZ  
 
[debug] [2020-09-07T20:49:04.116Z] >>> HTTP REQUEST GET https://cloudfunctions.googleapis.com/v1/operations/cmlnZWwtYWRtaW4vZXVyb3BlLXdlc3QxL3NldEFnZW5kYVNjaGVkdWxlU2V0dGluZ3MvQjYyWmlwSW5DV0E  
 
[debug] [2020-09-07T20:49:04.924Z] <<< HTTP RESPONSE 200 {"content-type":"application/json; charset=UTF-8","vary":"X-Origin, Referer, Origin,Accept-Encoding","date":"Mon, 07 Sep 2020 20:49:04 GMT","server":"ESF","cache-control":"private","x-xss-protection":"0","x-frame-options":"SAMEORIGIN","x-content-type-options":"nosniff","alt-svc":"h3-29=\":443\"; ma=2592000,h3-27=\":443\"; ma=2592000,h3-T051=\":443\"; ma=2592000,h3-T050=\":443\"; ma=2592000,h3-Q050=\":443\"; ma=2592000,h3-Q046=\":443\"; ma=2592000,h3-Q043=\":443\"; ma=2592000,quic=\":443\"; ma=2592000; v=\"46,43\"","accept-ranges":"none","transfer-encoding":"chunked"}
[debug] [2020-09-07T20:49:04.925Z] <<< HTTP RESPONSE 200 {"content-type":"application/json; charset=UTF-8","vary":"X-Origin, Referer, Origin,Accept-Encoding","date":"Mon, 07 Sep 2020 20:49:04 GMT","server":"ESF","cache-control":"private","x-xss-protection":"0","x-frame-options":"SAMEORIGIN","x-content-type-options":"nosniff","alt-svc":"h3-29=\":443\"; ma=2592000,h3-27=\":443\"; ma=2592000,h3-T051=\":443\"; ma=2592000,h3-T050=\":443\"; ma=2592000,h3-Q050=\":443\"; ma=2592000,h3-Q046=\":443\"; ma=2592000,h3-Q043=\":443\"; ma=2592000,quic=\":443\"; ma=2592000; v=\"46,43\"","accept-ranges":"none","transfer-encoding":"chunked"}
[debug] [2020-09-07T20:49:04.976Z] <<< HTTP RESPONSE 200 {"content-type":"application/json; charset=UTF-8","vary":"X-Origin, Referer, Origin,Accept-Encoding","date":"Mon, 07 Sep 2020 20:49:04 GMT","server":"ESF","cache-control":"private","x-xss-protection":"0","x-frame-options":"SAMEORIGIN","x-content-type-options":"nosniff","alt-svc":"h3-29=\":443\"; ma=2592000,h3-27=\":443\"; ma=2592000,h3-T051=\":443\"; ma=2592000,h3-T050=\":443\"; ma=2592000,h3-Q050=\":443\"; ma=2592000,h3-Q046=\":443\"; ma=2592000,h3-Q043=\":443\"; ma=2592000,quic=\":443\"; ma=2592000; v=\"46,43\"","accept-ranges":"none","transfer-encoding":"chunked"}
[debug] [2020-09-07T20:49:05.057Z] <<< HTTP RESPONSE 200 {"content-type":"application/json; charset=UTF-8","vary":"X-Origin, Referer, Origin,Accept-Encoding","date":"Mon, 07 Sep 2020 20:49:05 GMT","server":"ESF","cache-control":"private","x-xss-protection":"0","x-frame-options":"SAMEORIGIN","x-content-type-options":"nosniff","alt-svc":"h3-29=\":443\"; ma=2592000,h3-27=\":443\"; ma=2592000,h3-T051=\":443\"; ma=2592000,h3-T050=\":443\"; ma=2592000,h3-Q050=\":443\"; ma=2592000,h3-Q046=\":443\"; ma=2592000,h3-Q043=\":443\"; ma=2592000,quic=\":443\"; ma=2592000; v=\"46,43\"","accept-ranges":"none","transfer-encoding":"chunked"}
[debug] [2020-09-07T20:49:06.932Z] >>> HTTP REQUEST GET https://cloudfunctions.googleapis.com/v1/operations/cmlnZWwtYWRtaW4vZXVyb3BlLXdlc3QxL3NldEFnZW5kYVNjaGVkdWxlU2V0dGluZ3MvQjYyWmlwSW5DV0E  
 
[debug] [2020-09-07T20:49:06.933Z] >>> HTTP REQUEST GET https://cloudfunctions.googleapis.com/v1/operations/cmlnZWwtYWRtaW4vZXVyb3BlLXdlc3QxL2dldEF2YWxpYWJsZURheXNJbk1vbnRoL1BST3Q1TUdCVERZ  
 
[debug] [2020-09-07T20:49:06.977Z] >>> HTTP REQUEST GET https://cloudfunctions.googleapis.com/v1/operations/cmlnZWwtYWRtaW4vZXVyb3BlLXdlc3QxL2dldEF2YWxpYWJsZVRpbWVJbnRlcnZhbHMvWmdJQkZkVXgyWVU  
 
[debug] [2020-09-07T20:49:07.058Z] >>> HTTP REQUEST GET https://cloudfunctions.googleapis.com/v1/operations/cmlnZWwtYWRtaW4vZXVyb3BlLXdlc3QxL2Jvb2tBcHBvaW50bWVudC82Z3NoeFE2OW9zdw  
 
[debug] [2020-09-07T20:49:07.094Z] <<< HTTP RESPONSE 200 {"content-type":"application/json; charset=UTF-8","vary":"X-Origin, Referer, Origin,Accept-Encoding","date":"Mon, 07 Sep 2020 20:49:07 GMT","server":"ESF","cache-control":"private","x-xss-protection":"0","x-frame-options":"SAMEORIGIN","x-content-type-options":"nosniff","alt-svc":"h3-29=\":443\"; ma=2592000,h3-27=\":443\"; ma=2592000,h3-T051=\":443\"; ma=2592000,h3-T050=\":443\"; ma=2592000,h3-Q050=\":443\"; ma=2592000,h3-Q046=\":443\"; ma=2592000,h3-Q043=\":443\"; ma=2592000,quic=\":443\"; ma=2592000; v=\"46,43\"","accept-ranges":"none","transfer-encoding":"chunked"}
[debug] [2020-09-07T20:49:07.098Z] <<< HTTP RESPONSE 200 {"content-type":"application/json; charset=UTF-8","vary":"X-Origin, Referer, Origin,Accept-Encoding","date":"Mon, 07 Sep 2020 20:49:07 GMT","server":"ESF","cache-control":"private","x-xss-protection":"0","x-frame-options":"SAMEORIGIN","x-content-type-options":"nosniff","alt-svc":"h3-29=\":443\"; ma=2592000,h3-27=\":443\"; ma=2592000,h3-T051=\":443\"; ma=2592000,h3-T050=\":443\"; ma=2592000,h3-Q050=\":443\"; ma=2592000,h3-Q046=\":443\"; ma=2592000,h3-Q043=\":443\"; ma=2592000,quic=\":443\"; ma=2592000; v=\"46,43\"","accept-ranges":"none","transfer-encoding":"chunked"}
[debug] [2020-09-07T20:49:07.143Z] <<< HTTP RESPONSE 200 {"content-type":"application/json; charset=UTF-8","vary":"X-Origin, Referer, Origin,Accept-Encoding","date":"Mon, 07 Sep 2020 20:49:07 GMT","server":"ESF","cache-control":"private","x-xss-protection":"0","x-frame-options":"SAMEORIGIN","x-content-type-options":"nosniff","alt-svc":"h3-29=\":443\"; ma=2592000,h3-27=\":443\"; ma=2592000,h3-T051=\":443\"; ma=2592000,h3-T050=\":443\"; ma=2592000,h3-Q050=\":443\"; ma=2592000,h3-Q046=\":443\"; ma=2592000,h3-Q043=\":443\"; ma=2592000,quic=\":443\"; ma=2592000; v=\"46,43\"","accept-ranges":"none","transfer-encoding":"chunked"}
[debug] [2020-09-07T20:49:07.214Z] <<< HTTP RESPONSE 200 {"content-type":"application/json; charset=UTF-8","vary":"X-Origin, Referer, Origin,Accept-Encoding","date":"Mon, 07 Sep 2020 20:49:07 GMT","server":"ESF","cache-control":"private","x-xss-protection":"0","x-frame-options":"SAMEORIGIN","x-content-type-options":"nosniff","alt-svc":"h3-29=\":443\"; ma=2592000,h3-27=\":443\"; ma=2592000,h3-T051=\":443\"; ma=2592000,h3-T050=\":443\"; ma=2592000,h3-Q050=\":443\"; ma=2592000,h3-Q046=\":443\"; ma=2592000,h3-Q043=\":443\"; ma=2592000,quic=\":443\"; ma=2592000; v=\"46,43\"","accept-ranges":"none","transfer-encoding":"chunked"}
[debug] [2020-09-07T20:49:09.097Z] >>> HTTP REQUEST GET https://cloudfunctions.googleapis.com/v1/operations/cmlnZWwtYWRtaW4vZXVyb3BlLXdlc3QxL2dldEF2YWxpYWJsZURheXNJbk1vbnRoL1BST3Q1TUdCVERZ  
 
[debug] [2020-09-07T20:49:09.101Z] >>> HTTP REQUEST GET https://cloudfunctions.googleapis.com/v1/operations/cmlnZWwtYWRtaW4vZXVyb3BlLXdlc3QxL3NldEFnZW5kYVNjaGVkdWxlU2V0dGluZ3MvQjYyWmlwSW5DV0E  
 
[debug] [2020-09-07T20:49:09.146Z] >>> HTTP REQUEST GET https://cloudfunctions.googleapis.com/v1/operations/cmlnZWwtYWRtaW4vZXVyb3BlLXdlc3QxL2dldEF2YWxpYWJsZVRpbWVJbnRlcnZhbHMvWmdJQkZkVXgyWVU  
 
[debug] [2020-09-07T20:49:09.217Z] >>> HTTP REQUEST GET https://cloudfunctions.googleapis.com/v1/operations/cmlnZWwtYWRtaW4vZXVyb3BlLXdlc3QxL2Jvb2tBcHBvaW50bWVudC82Z3NoeFE2OW9zdw  
 
[debug] [2020-09-07T20:49:09.282Z] <<< HTTP RESPONSE 200 {"content-type":"application/json; charset=UTF-8","vary":"X-Origin, Referer, Origin,Accept-Encoding","date":"Mon, 07 Sep 2020 20:49:09 GMT","server":"ESF","cache-control":"private","x-xss-protection":"0","x-frame-options":"SAMEORIGIN","x-content-type-options":"nosniff","alt-svc":"h3-29=\":443\"; ma=2592000,h3-27=\":443\"; ma=2592000,h3-T051=\":443\"; ma=2592000,h3-T050=\":443\"; ma=2592000,h3-Q050=\":443\"; ma=2592000,h3-Q046=\":443\"; ma=2592000,h3-Q043=\":443\"; ma=2592000,quic=\":443\"; ma=2592000; v=\"46,43\"","accept-ranges":"none","transfer-encoding":"chunked"}
[debug] [2020-09-07T20:49:09.284Z] <<< HTTP RESPONSE 200 {"content-type":"application/json; charset=UTF-8","vary":"X-Origin, Referer, Origin,Accept-Encoding","date":"Mon, 07 Sep 2020 20:49:09 GMT","server":"ESF","cache-control":"private","x-xss-protection":"0","x-frame-options":"SAMEORIGIN","x-content-type-options":"nosniff","alt-svc":"h3-29=\":443\"; ma=2592000,h3-27=\":443\"; ma=2592000,h3-T051=\":443\"; ma=2592000,h3-T050=\":443\"; ma=2592000,h3-Q050=\":443\"; ma=2592000,h3-Q046=\":443\"; ma=2592000,h3-Q043=\":443\"; ma=2592000,quic=\":443\"; ma=2592000; v=\"46,43\"","accept-ranges":"none","transfer-encoding":"chunked"}
[debug] [2020-09-07T20:49:09.325Z] <<< HTTP RESPONSE 200 {"content-type":"application/json; charset=UTF-8","vary":"X-Origin, Referer, Origin,Accept-Encoding","date":"Mon, 07 Sep 2020 20:49:09 GMT","server":"ESF","cache-control":"private","x-xss-protection":"0","x-frame-options":"SAMEORIGIN","x-content-type-options":"nosniff","alt-svc":"h3-29=\":443\"; ma=2592000,h3-27=\":443\"; ma=2592000,h3-T051=\":443\"; ma=2592000,h3-T050=\":443\"; ma=2592000,h3-Q050=\":443\"; ma=2592000,h3-Q046=\":443\"; ma=2592000,h3-Q043=\":443\"; ma=2592000,quic=\":443\"; ma=2592000; v=\"46,43\"","accept-ranges":"none","transfer-encoding":"chunked"}
[debug] [2020-09-07T20:49:09.405Z] <<< HTTP RESPONSE 200 {"content-type":"application/json; charset=UTF-8","vary":"X-Origin, Referer, Origin,Accept-Encoding","date":"Mon, 07 Sep 2020 20:49:09 GMT","server":"ESF","cache-control":"private","x-xss-protection":"0","x-frame-options":"SAMEORIGIN","x-content-type-options":"nosniff","alt-svc":"h3-29=\":443\"; ma=2592000,h3-27=\":443\"; ma=2592000,h3-T051=\":443\"; ma=2592000,h3-T050=\":443\"; ma=2592000,h3-Q050=\":443\"; ma=2592000,h3-Q046=\":443\"; ma=2592000,h3-Q043=\":443\"; ma=2592000,quic=\":443\"; ma=2592000; v=\"46,43\"","accept-ranges":"none","transfer-encoding":"chunked"}
[debug] [2020-09-07T20:49:11.288Z] >>> HTTP REQUEST GET https://cloudfunctions.googleapis.com/v1/operations/cmlnZWwtYWRtaW4vZXVyb3BlLXdlc3QxL3NldEFnZW5kYVNjaGVkdWxlU2V0dGluZ3MvQjYyWmlwSW5DV0E  
 
[debug] [2020-09-07T20:49:11.289Z] >>> HTTP REQUEST GET https://cloudfunctions.googleapis.com/v1/operations/cmlnZWwtYWRtaW4vZXVyb3BlLXdlc3QxL2dldEF2YWxpYWJsZURheXNJbk1vbnRoL1BST3Q1TUdCVERZ  
 
[debug] [2020-09-07T20:49:11.331Z] >>> HTTP REQUEST GET https://cloudfunctions.googleapis.com/v1/operations/cmlnZWwtYWRtaW4vZXVyb3BlLXdlc3QxL2dldEF2YWxpYWJsZVRpbWVJbnRlcnZhbHMvWmdJQkZkVXgyWVU  
 
[debug] [2020-09-07T20:49:11.410Z] >>> HTTP REQUEST GET https://cloudfunctions.googleapis.com/v1/operations/cmlnZWwtYWRtaW4vZXVyb3BlLXdlc3QxL2Jvb2tBcHBvaW50bWVudC82Z3NoeFE2OW9zdw  
 
[debug] [2020-09-07T20:49:12.449Z] <<< HTTP RESPONSE 200 {"content-type":"application/json; charset=UTF-8","vary":"X-Origin, Referer, Origin,Accept-Encoding","date":"Mon, 07 Sep 2020 20:49:12 GMT","server":"ESF","cache-control":"private","x-xss-protection":"0","x-frame-options":"SAMEORIGIN","x-content-type-options":"nosniff","alt-svc":"h3-29=\":443\"; ma=2592000,h3-27=\":443\"; ma=2592000,h3-T051=\":443\"; ma=2592000,h3-T050=\":443\"; ma=2592000,h3-Q050=\":443\"; ma=2592000,h3-Q046=\":443\"; ma=2592000,h3-Q043=\":443\"; ma=2592000,quic=\":443\"; ma=2592000; v=\"46,43\"","accept-ranges":"none","transfer-encoding":"chunked"}
[debug] [2020-09-07T20:49:12.491Z] <<< HTTP RESPONSE 200 {"content-type":"application/json; charset=UTF-8","vary":"X-Origin, Referer, Origin,Accept-Encoding","date":"Mon, 07 Sep 2020 20:49:12 GMT","server":"ESF","cache-control":"private","x-xss-protection":"0","x-frame-options":"SAMEORIGIN","x-content-type-options":"nosniff","alt-svc":"h3-29=\":443\"; ma=2592000,h3-27=\":443\"; ma=2592000,h3-T051=\":443\"; ma=2592000,h3-T050=\":443\"; ma=2592000,h3-Q050=\":443\"; ma=2592000,h3-Q046=\":443\"; ma=2592000,h3-Q043=\":443\"; ma=2592000,quic=\":443\"; ma=2592000; v=\"46,43\"","accept-ranges":"none","transfer-encoding":"chunked"}
[debug] [2020-09-07T20:49:12.549Z] <<< HTTP RESPONSE 200 {"content-type":"application/json; charset=UTF-8","vary":"X-Origin, Referer, Origin,Accept-Encoding","date":"Mon, 07 Sep 2020 20:49:12 GMT","server":"ESF","cache-control":"private","x-xss-protection":"0","x-frame-options":"SAMEORIGIN","x-content-type-options":"nosniff","alt-svc":"h3-29=\":443\"; ma=2592000,h3-27=\":443\"; ma=2592000,h3-T051=\":443\"; ma=2592000,h3-T050=\":443\"; ma=2592000,h3-Q050=\":443\"; ma=2592000,h3-Q046=\":443\"; ma=2592000,h3-Q043=\":443\"; ma=2592000,quic=\":443\"; ma=2592000; v=\"46,43\"","accept-ranges":"none","transfer-encoding":"chunked"}
[debug] [2020-09-07T20:49:12.584Z] <<< HTTP RESPONSE 200 {"content-type":"application/json; charset=UTF-8","vary":"X-Origin, Referer, Origin,Accept-Encoding","date":"Mon, 07 Sep 2020 20:49:12 GMT","server":"ESF","cache-control":"private","x-xss-protection":"0","x-frame-options":"SAMEORIGIN","x-content-type-options":"nosniff","alt-svc":"h3-29=\":443\"; ma=2592000,h3-27=\":443\"; ma=2592000,h3-T051=\":443\"; ma=2592000,h3-T050=\":443\"; ma=2592000,h3-Q050=\":443\"; ma=2592000,h3-Q046=\":443\"; ma=2592000,h3-Q043=\":443\"; ma=2592000,quic=\":443\"; ma=2592000; v=\"46,43\"","accept-ranges":"none","transfer-encoding":"chunked"}
[debug] [2020-09-07T20:49:14.451Z] >>> HTTP REQUEST GET https://cloudfunctions.googleapis.com/v1/operations/cmlnZWwtYWRtaW4vZXVyb3BlLXdlc3QxL2dldEF2YWxpYWJsZVRpbWVJbnRlcnZhbHMvWmdJQkZkVXgyWVU  
 
[debug] [2020-09-07T20:49:14.494Z] >>> HTTP REQUEST GET https://cloudfunctions.googleapis.com/v1/operations/cmlnZWwtYWRtaW4vZXVyb3BlLXdlc3QxL2dldEF2YWxpYWJsZURheXNJbk1vbnRoL1BST3Q1TUdCVERZ  
 
[debug] [2020-09-07T20:49:14.555Z] >>> HTTP REQUEST GET https://cloudfunctions.googleapis.com/v1/operations/cmlnZWwtYWRtaW4vZXVyb3BlLXdlc3QxL3NldEFnZW5kYVNjaGVkdWxlU2V0dGluZ3MvQjYyWmlwSW5DV0E  
 
[debug] [2020-09-07T20:49:14.587Z] >>> HTTP REQUEST GET https://cloudfunctions.googleapis.com/v1/operations/cmlnZWwtYWRtaW4vZXVyb3BlLXdlc3QxL2Jvb2tBcHBvaW50bWVudC82Z3NoeFE2OW9zdw  
 
[debug] [2020-09-07T20:49:14.604Z] <<< HTTP RESPONSE 200 {"content-type":"application/json; charset=UTF-8","vary":"X-Origin, Referer, Origin,Accept-Encoding","date":"Mon, 07 Sep 2020 20:49:14 GMT","server":"ESF","cache-control":"private","x-xss-protection":"0","x-frame-options":"SAMEORIGIN","x-content-type-options":"nosniff","alt-svc":"h3-29=\":443\"; ma=2592000,h3-27=\":443\"; ma=2592000,h3-T051=\":443\"; ma=2592000,h3-T050=\":443\"; ma=2592000,h3-Q050=\":443\"; ma=2592000,h3-Q046=\":443\"; ma=2592000,h3-Q043=\":443\"; ma=2592000,quic=\":443\"; ma=2592000; v=\"46,43\"","accept-ranges":"none","transfer-encoding":"chunked"}
[debug] [2020-09-07T20:49:14.668Z] <<< HTTP RESPONSE 200 {"content-type":"application/json; charset=UTF-8","vary":"X-Origin, Referer, Origin,Accept-Encoding","date":"Mon, 07 Sep 2020 20:49:14 GMT","server":"ESF","cache-control":"private","x-xss-protection":"0","x-frame-options":"SAMEORIGIN","x-content-type-options":"nosniff","alt-svc":"h3-29=\":443\"; ma=2592000,h3-27=\":443\"; ma=2592000,h3-T051=\":443\"; ma=2592000,h3-T050=\":443\"; ma=2592000,h3-Q050=\":443\"; ma=2592000,h3-Q046=\":443\"; ma=2592000,h3-Q043=\":443\"; ma=2592000,quic=\":443\"; ma=2592000; v=\"46,43\"","accept-ranges":"none","transfer-encoding":"chunked"}
[debug] [2020-09-07T20:49:14.721Z] <<< HTTP RESPONSE 200 {"content-type":"application/json; charset=UTF-8","vary":"X-Origin, Referer, Origin,Accept-Encoding","date":"Mon, 07 Sep 2020 20:49:14 GMT","server":"ESF","cache-control":"private","x-xss-protection":"0","x-frame-options":"SAMEORIGIN","x-content-type-options":"nosniff","alt-svc":"h3-29=\":443\"; ma=2592000,h3-27=\":443\"; ma=2592000,h3-T051=\":443\"; ma=2592000,h3-T050=\":443\"; ma=2592000,h3-Q050=\":443\"; ma=2592000,h3-Q046=\":443\"; ma=2592000,h3-Q043=\":443\"; ma=2592000,quic=\":443\"; ma=2592000; v=\"46,43\"","accept-ranges":"none","transfer-encoding":"chunked"}
[debug] [2020-09-07T20:49:14.779Z] <<< HTTP RESPONSE 200 {"content-type":"application/json; charset=UTF-8","vary":"X-Origin, Referer, Origin,Accept-Encoding","date":"Mon, 07 Sep 2020 20:49:14 GMT","server":"ESF","cache-control":"private","x-xss-protection":"0","x-frame-options":"SAMEORIGIN","x-content-type-options":"nosniff","alt-svc":"h3-29=\":443\"; ma=2592000,h3-27=\":443\"; ma=2592000,h3-T051=\":443\"; ma=2592000,h3-T050=\":443\"; ma=2592000,h3-Q050=\":443\"; ma=2592000,h3-Q046=\":443\"; ma=2592000,h3-Q043=\":443\"; ma=2592000,quic=\":443\"; ma=2592000; v=\"46,43\"","accept-ranges":"none","transfer-encoding":"chunked"}
[debug] [2020-09-07T20:49:16.608Z] >>> HTTP REQUEST GET https://cloudfunctions.googleapis.com/v1/operations/cmlnZWwtYWRtaW4vZXVyb3BlLXdlc3QxL2dldEF2YWxpYWJsZVRpbWVJbnRlcnZhbHMvWmdJQkZkVXgyWVU  
 
[debug] [2020-09-07T20:49:16.671Z] >>> HTTP REQUEST GET https://cloudfunctions.googleapis.com/v1/operations/cmlnZWwtYWRtaW4vZXVyb3BlLXdlc3QxL2dldEF2YWxpYWJsZURheXNJbk1vbnRoL1BST3Q1TUdCVERZ  
 
[debug] [2020-09-07T20:49:16.727Z] >>> HTTP REQUEST GET https://cloudfunctions.googleapis.com/v1/operations/cmlnZWwtYWRtaW4vZXVyb3BlLXdlc3QxL3NldEFnZW5kYVNjaGVkdWxlU2V0dGluZ3MvQjYyWmlwSW5DV0E  
 
[debug] [2020-09-07T20:49:16.783Z] >>> HTTP REQUEST GET https://cloudfunctions.googleapis.com/v1/operations/cmlnZWwtYWRtaW4vZXVyb3BlLXdlc3QxL2Jvb2tBcHBvaW50bWVudC82Z3NoeFE2OW9zdw  
 
[debug] [2020-09-07T20:49:16.787Z] <<< HTTP RESPONSE 200 {"content-type":"application/json; charset=UTF-8","vary":"X-Origin, Referer, Origin,Accept-Encoding","date":"Mon, 07 Sep 2020 20:49:16 GMT","server":"ESF","cache-control":"private","x-xss-protection":"0","x-frame-options":"SAMEORIGIN","x-content-type-options":"nosniff","alt-svc":"h3-29=\":443\"; ma=2592000,h3-27=\":443\"; ma=2592000,h3-T051=\":443\"; ma=2592000,h3-T050=\":443\"; ma=2592000,h3-Q050=\":443\"; ma=2592000,h3-Q046=\":443\"; ma=2592000,h3-Q043=\":443\"; ma=2592000,quic=\":443\"; ma=2592000; v=\"46,43\"","accept-ranges":"none","transfer-encoding":"chunked"}
[debug] [2020-09-07T20:49:16.818Z] <<< HTTP RESPONSE 200 {"content-type":"application/json; charset=UTF-8","vary":"X-Origin, Referer, Origin,Accept-Encoding","date":"Mon, 07 Sep 2020 20:49:16 GMT","server":"ESF","cache-control":"private","x-xss-protection":"0","x-frame-options":"SAMEORIGIN","x-content-type-options":"nosniff","alt-svc":"h3-29=\":443\"; ma=2592000,h3-27=\":443\"; ma=2592000,h3-T051=\":443\"; ma=2592000,h3-T050=\":443\"; ma=2592000,h3-Q050=\":443\"; ma=2592000,h3-Q046=\":443\"; ma=2592000,h3-Q043=\":443\"; ma=2592000,quic=\":443\"; ma=2592000; v=\"46,43\"","accept-ranges":"none","transfer-encoding":"chunked"}
[debug] [2020-09-07T20:49:16.881Z] <<< HTTP RESPONSE 200 {"content-type":"application/json; charset=UTF-8","vary":"X-Origin, Referer, Origin,Accept-Encoding","date":"Mon, 07 Sep 2020 20:49:16 GMT","server":"ESF","cache-control":"private","x-xss-protection":"0","x-frame-options":"SAMEORIGIN","x-content-type-options":"nosniff","alt-svc":"h3-29=\":443\"; ma=2592000,h3-27=\":443\"; ma=2592000,h3-T051=\":443\"; ma=2592000,h3-T050=\":443\"; ma=2592000,h3-Q050=\":443\"; ma=2592000,h3-Q046=\":443\"; ma=2592000,h3-Q043=\":443\"; ma=2592000,quic=\":443\"; ma=2592000; v=\"46,43\"","accept-ranges":"none","transfer-encoding":"chunked"}
[debug] [2020-09-07T20:49:16.937Z] <<< HTTP RESPONSE 200 {"content-type":"application/json; charset=UTF-8","vary":"X-Origin, Referer, Origin,Accept-Encoding","date":"Mon, 07 Sep 2020 20:49:16 GMT","server":"ESF","cache-control":"private","x-xss-protection":"0","x-frame-options":"SAMEORIGIN","x-content-type-options":"nosniff","alt-svc":"h3-29=\":443\"; ma=2592000,h3-27=\":443\"; ma=2592000,h3-T051=\":443\"; ma=2592000,h3-T050=\":443\"; ma=2592000,h3-Q050=\":443\"; ma=2592000,h3-Q046=\":443\"; ma=2592000,h3-Q043=\":443\"; ma=2592000,quic=\":443\"; ma=2592000; v=\"46,43\"","accept-ranges":"none","transfer-encoding":"chunked"}
[debug] [2020-09-07T20:49:18.793Z] >>> HTTP REQUEST GET https://cloudfunctions.googleapis.com/v1/operations/cmlnZWwtYWRtaW4vZXVyb3BlLXdlc3QxL2dldEF2YWxpYWJsZVRpbWVJbnRlcnZhbHMvWmdJQkZkVXgyWVU  
 
[debug] [2020-09-07T20:49:18.822Z] >>> HTTP REQUEST GET https://cloudfunctions.googleapis.com/v1/operations/cmlnZWwtYWRtaW4vZXVyb3BlLXdlc3QxL2dldEF2YWxpYWJsZURheXNJbk1vbnRoL1BST3Q1TUdCVERZ  
 
[debug] [2020-09-07T20:49:18.883Z] >>> HTTP REQUEST GET https://cloudfunctions.googleapis.com/v1/operations/cmlnZWwtYWRtaW4vZXVyb3BlLXdlc3QxL3NldEFnZW5kYVNjaGVkdWxlU2V0dGluZ3MvQjYyWmlwSW5DV0E  
 
[debug] [2020-09-07T20:49:18.938Z] >>> HTTP REQUEST GET https://cloudfunctions.googleapis.com/v1/operations/cmlnZWwtYWRtaW4vZXVyb3BlLXdlc3QxL2Jvb2tBcHBvaW50bWVudC82Z3NoeFE2OW9zdw  
 
[debug] [2020-09-07T20:49:18.971Z] <<< HTTP RESPONSE 200 {"content-type":"application/json; charset=UTF-8","vary":"X-Origin, Referer, Origin,Accept-Encoding","date":"Mon, 07 Sep 2020 20:49:18 GMT","server":"ESF","cache-control":"private","x-xss-protection":"0","x-frame-options":"SAMEORIGIN","x-content-type-options":"nosniff","alt-svc":"h3-29=\":443\"; ma=2592000,h3-27=\":443\"; ma=2592000,h3-T051=\":443\"; ma=2592000,h3-T050=\":443\"; ma=2592000,h3-Q050=\":443\"; ma=2592000,h3-Q046=\":443\"; ma=2592000,h3-Q043=\":443\"; ma=2592000,quic=\":443\"; ma=2592000; v=\"46,43\"","accept-ranges":"none","transfer-encoding":"chunked"}
[debug] [2020-09-07T20:49:18.976Z] <<< HTTP RESPONSE 200 {"content-type":"application/json; charset=UTF-8","vary":"X-Origin, Referer, Origin,Accept-Encoding","date":"Mon, 07 Sep 2020 20:49:18 GMT","server":"ESF","cache-control":"private","x-xss-protection":"0","x-frame-options":"SAMEORIGIN","x-content-type-options":"nosniff","alt-svc":"h3-29=\":443\"; ma=2592000,h3-27=\":443\"; ma=2592000,h3-T051=\":443\"; ma=2592000,h3-T050=\":443\"; ma=2592000,h3-Q050=\":443\"; ma=2592000,h3-Q046=\":443\"; ma=2592000,h3-Q043=\":443\"; ma=2592000,quic=\":443\"; ma=2592000; v=\"46,43\"","accept-ranges":"none","transfer-encoding":"chunked"}
[debug] [2020-09-07T20:49:19.062Z] <<< HTTP RESPONSE 200 {"content-type":"application/json; charset=UTF-8","vary":"X-Origin, Referer, Origin,Accept-Encoding","date":"Mon, 07 Sep 2020 20:49:19 GMT","server":"ESF","cache-control":"private","x-xss-protection":"0","x-frame-options":"SAMEORIGIN","x-content-type-options":"nosniff","alt-svc":"h3-29=\":443\"; ma=2592000,h3-27=\":443\"; ma=2592000,h3-T051=\":443\"; ma=2592000,h3-T050=\":443\"; ma=2592000,h3-Q050=\":443\"; ma=2592000,h3-Q046=\":443\"; ma=2592000,h3-Q043=\":443\"; ma=2592000,quic=\":443\"; ma=2592000; v=\"46,43\"","accept-ranges":"none","transfer-encoding":"chunked"}
[debug] [2020-09-07T20:49:19.096Z] <<< HTTP RESPONSE 200 {"content-type":"application/json; charset=UTF-8","vary":"X-Origin, Referer, Origin,Accept-Encoding","date":"Mon, 07 Sep 2020 20:49:19 GMT","server":"ESF","cache-control":"private","x-xss-protection":"0","x-frame-options":"SAMEORIGIN","x-content-type-options":"nosniff","alt-svc":"h3-29=\":443\"; ma=2592000,h3-27=\":443\"; ma=2592000,h3-T051=\":443\"; ma=2592000,h3-T050=\":443\"; ma=2592000,h3-Q050=\":443\"; ma=2592000,h3-Q046=\":443\"; ma=2592000,h3-Q043=\":443\"; ma=2592000,quic=\":443\"; ma=2592000; v=\"46,43\"","accept-ranges":"none","transfer-encoding":"chunked"}
[debug] [2020-09-07T20:49:20.977Z] >>> HTTP REQUEST GET https://cloudfunctions.googleapis.com/v1/operations/cmlnZWwtYWRtaW4vZXVyb3BlLXdlc3QxL2dldEF2YWxpYWJsZURheXNJbk1vbnRoL1BST3Q1TUdCVERZ  
 
[debug] [2020-09-07T20:49:20.978Z] >>> HTTP REQUEST GET https://cloudfunctions.googleapis.com/v1/operations/cmlnZWwtYWRtaW4vZXVyb3BlLXdlc3QxL2dldEF2YWxpYWJsZVRpbWVJbnRlcnZhbHMvWmdJQkZkVXgyWVU  
 
[debug] [2020-09-07T20:49:21.066Z] >>> HTTP REQUEST GET https://cloudfunctions.googleapis.com/v1/operations/cmlnZWwtYWRtaW4vZXVyb3BlLXdlc3QxL3NldEFnZW5kYVNjaGVkdWxlU2V0dGluZ3MvQjYyWmlwSW5DV0E  
 
[debug] [2020-09-07T20:49:21.100Z] >>> HTTP REQUEST GET https://cloudfunctions.googleapis.com/v1/operations/cmlnZWwtYWRtaW4vZXVyb3BlLXdlc3QxL2Jvb2tBcHBvaW50bWVudC82Z3NoeFE2OW9zdw  
 
[debug] [2020-09-07T20:49:21.237Z] <<< HTTP RESPONSE 200 {"content-type":"application/json; charset=UTF-8","vary":"X-Origin, Referer, Origin,Accept-Encoding","date":"Mon, 07 Sep 2020 20:49:21 GMT","server":"ESF","cache-control":"private","x-xss-protection":"0","x-frame-options":"SAMEORIGIN","x-content-type-options":"nosniff","alt-svc":"h3-29=\":443\"; ma=2592000,h3-27=\":443\"; ma=2592000,h3-T051=\":443\"; ma=2592000,h3-T050=\":443\"; ma=2592000,h3-Q050=\":443\"; ma=2592000,h3-Q046=\":443\"; ma=2592000,h3-Q043=\":443\"; ma=2592000,quic=\":443\"; ma=2592000; v=\"46,43\"","accept-ranges":"none","transfer-encoding":"chunked"}
[debug] [2020-09-07T20:49:21.239Z] <<< HTTP RESPONSE 200 {"content-type":"application/json; charset=UTF-8","vary":"X-Origin, Referer, Origin,Accept-Encoding","date":"Mon, 07 Sep 2020 20:49:21 GMT","server":"ESF","cache-control":"private","x-xss-protection":"0","x-frame-options":"SAMEORIGIN","x-content-type-options":"nosniff","alt-svc":"h3-29=\":443\"; ma=2592000,h3-27=\":443\"; ma=2592000,h3-T051=\":443\"; ma=2592000,h3-T050=\":443\"; ma=2592000,h3-Q050=\":443\"; ma=2592000,h3-Q046=\":443\"; ma=2592000,h3-Q043=\":443\"; ma=2592000,quic=\":443\"; ma=2592000; v=\"46,43\"","accept-ranges":"none","transfer-encoding":"chunked"}
[debug] [2020-09-07T20:49:21.273Z] <<< HTTP RESPONSE 200 {"content-type":"application/json; charset=UTF-8","vary":"X-Origin, Referer, Origin,Accept-Encoding","date":"Mon, 07 Sep 2020 20:49:21 GMT","server":"ESF","cache-control":"private","x-xss-protection":"0","x-frame-options":"SAMEORIGIN","x-content-type-options":"nosniff","alt-svc":"h3-29=\":443\"; ma=2592000,h3-27=\":443\"; ma=2592000,h3-T051=\":443\"; ma=2592000,h3-T050=\":443\"; ma=2592000,h3-Q050=\":443\"; ma=2592000,h3-Q046=\":443\"; ma=2592000,h3-Q043=\":443\"; ma=2592000,quic=\":443\"; ma=2592000; v=\"46,43\"","accept-ranges":"none","transfer-encoding":"chunked"}
